[    0.000000] Initializing cgroup subsys cpuset
[    0.000000] Initializing cgroup subsys cpu
[    0.000000] Initializing cgroup subsys cpuacct
[    0.000000] Linux version 4.4.0-186-generic (buildd@lcy01-amd64-002) (gcc version 5.4.0 20160609 (Ubuntu 5.4.0-6ubuntu1~16.04.12) ) #216-Ubuntu SMP Wed Jul 1 05:34:05 UTC 2020 (Ubuntu 4.4.0-186.216-generic 4.4.228)
[    0.000000] Command line: BOOT_IMAGE=/boot/vmlinuz-4.4.0-186-generic root=LABEL=cloudimg-rootfs ro console=tty1 console=ttyS0
[    0.000000] KERNEL supported cpus:
[    0.000000]   Intel GenuineIntel
[    0.000000]   AMD AuthenticAMD
[    0.000000]   Centaur CentaurHauls
[    0.000000] [Firmware Bug]: TSC doesn't count with P0 frequency!
[    0.000000] x86/fpu: xstate_offset[2]:  576, xstate_sizes[2]:  256
[    0.000000] x86/fpu: Supporting XSAVE feature 0x01: 'x87 floating point registers'
[    0.000000] x86/fpu: Supporting XSAVE feature 0x02: 'SSE registers'
[    0.000000] x86/fpu: Supporting XSAVE feature 0x04: 'AVX registers'
[    0.000000] x86/fpu: Enabled xstate features 0x7, context size is 832 bytes, using 'standard' format.
[    0.000000] e820: BIOS-provided physical RAM map:
[    0.000000] BIOS-e820: [mem 0x0000000000000000-0x000000000009fbff] usable
[    0.000000] BIOS-e820: [mem 0x000000000009fc00-0x000000000009ffff] reserved
[    0.000000] BIOS-e820: [mem 0x00000000000f0000-0x00000000000fffff] reserved
[    0.000000] BIOS-e820: [mem 0x0000000000100000-0x000000003ffeffff] usable
[    0.000000] BIOS-e820: [mem 0x000000003fff0000-0x000000003fffffff] ACPI data
[    0.000000] BIOS-e820: [mem 0x00000000fec00000-0x00000000fec00fff] reserved
[    0.000000] BIOS-e820: [mem 0x00000000fee00000-0x00000000fee00fff] reserved
[    0.000000] BIOS-e820: [mem 0x00000000fffc0000-0x00000000ffffffff] reserved
[    0.000000] NX (Execute Disable) protection: active
[    0.000000] SMBIOS 2.5 present.
[    0.000000] Hypervisor detected: KVM
[    0.000000] Kernel/User page tables isolation: disabled
[    0.000000] e820: last_pfn = 0x3fff0 max_arch_pfn = 0x400000000
[    0.000000] MTRR: Disabled
[    0.000000] x86/PAT: MTRRs disabled, skipping PAT initialization too.
[    0.000000] CPU MTRRs all blank - virtualized system.
[    0.000000] x86/PAT: Configuration [0-7]: WB  WT  UC- UC  WB  WT  UC- UC  
[    0.000000] found SMP MP-table at [mem 0x0009fff0-0x0009ffff] mapped at [ffff88000009fff0]
[    0.000000] Scanning 1 areas for low memory corruption
[    0.000000] RAMDISK: [mem 0x362e0000-0x37167fff]
[    0.000000] ACPI: Early table checksum verification disabled
[    0.000000] ACPI: RSDP 0x00000000000E0000 000024 (v02 VBOX  )
[    0.000000] ACPI: XSDT 0x000000003FFF0030 00003C (v01 VBOX   VBOXXSDT 00000001 ASL  00000061)
[    0.000000] ACPI: FACP 0x000000003FFF00F0 0000F4 (v04 VBOX   VBOXFACP 00000001 ASL  00000061)
[    0.000000] ACPI: DSDT 0x000000003FFF0470 002325 (v02 VBOX   VBOXBIOS 00000002 INTL 20100528)
[    0.000000] ACPI: FACS 0x000000003FFF0200 000040
[    0.000000] ACPI: FACS 0x000000003FFF0200 000040
[    0.000000] ACPI: APIC 0x000000003FFF0240 00005C (v02 VBOX   VBOXAPIC 00000001 ASL  00000061)
[    0.000000] ACPI: SSDT 0x000000003FFF02A0 0001CC (v01 VBOX   VBOXCPUT 00000002 INTL 20100528)
[    0.000000] No NUMA configuration found
[    0.000000] Faking a node at [mem 0x0000000000000000-0x000000003ffeffff]
[    0.000000] NODE_DATA(0) allocated [mem 0x3ffeb000-0x3ffeffff]
[    0.000000] kvm-clock: Using msrs 4b564d01 and 4b564d00
[    0.000000] kvm-clock: cpu 0, msr 0:3ffe3001, primary cpu clock
[    0.000000] kvm-clock: using sched offset of 4520925436 cycles
[    0.000000] clocksource: kvm-clock: mask: 0xffffffffffffffff max_cycles: 0x1cd42e4dffb, max_idle_ns: 881590591483 ns
[    0.000000] Zone ranges:
[    0.000000]   DMA      [mem 0x0000000000001000-0x0000000000ffffff]
[    0.000000]   DMA32    [mem 0x0000000001000000-0x000000003ffeffff]
[    0.000000]   Normal   empty
[    0.000000]   Device   empty
[    0.000000] Movable zone start for each node
[    0.000000] Early memory node ranges
[    0.000000]   node   0: [mem 0x0000000000001000-0x000000000009efff]
[    0.000000]   node   0: [mem 0x0000000000100000-0x000000003ffeffff]
[    0.000000] Initmem setup node 0 [mem 0x0000000000001000-0x000000003ffeffff]
[    0.000000] ACPI: PM-Timer IO Port: 0x4008
[    0.000000] IOAPIC[0]: apic_id 2, version 32, address 0xfec00000, GSI 0-23
[    0.000000] ACPI: INT_SRC_OVR (bus 0 bus_irq 0 global_irq 2 dfl dfl)
[    0.000000] ACPI: INT_SRC_OVR (bus 0 bus_irq 9 global_irq 9 low level)
[    0.000000] Using ACPI (MADT) for SMP configuration information
[    0.000000] smpboot: Allowing 2 CPUs, 0 hotplug CPUs
[    0.000000] PM: Registered nosave memory: [mem 0x00000000-0x00000fff]
[    0.000000] PM: Registered nosave memory: [mem 0x0009f000-0x0009ffff]
[    0.000000] PM: Registered nosave memory: [mem 0x000a0000-0x000effff]
[    0.000000] PM: Registered nosave memory: [mem 0x000f0000-0x000fffff]
[    0.000000] e820: [mem 0x40000000-0xfebfffff] available for PCI devices
[    0.000000] Booting paravirtualized kernel on KVM
[    0.000000] clocksource: refined-jiffies: mask: 0xffffffff max_cycles: 0xffffffff, max_idle_ns: 7645519600211568 ns
[    0.000000] setup_percpu: NR_CPUS:512 nr_cpumask_bits:512 nr_cpu_ids:2 nr_node_ids:1
[    0.000000] PERCPU: Embedded 33 pages/cpu @ffff88003fc00000 s95512 r8192 d31464 u1048576
[    0.000000] Built 1 zonelists in Node order, mobility grouping on.  Total pages: 257912
[    0.000000] Policy zone: DMA32
[    0.000000] Kernel command line: BOOT_IMAGE=/boot/vmlinuz-4.4.0-186-generic root=LABEL=cloudimg-rootfs ro console=tty1 console=ttyS0
[    0.000000] PID hash table entries: 4096 (order: 3, 32768 bytes)
[    0.000000] Memory: 997664K/1048120K available (8636K kernel code, 1337K rwdata, 4040K rodata, 1492K init, 1296K bss, 50456K reserved, 0K cma-reserved)
[    0.000000] SLUB: HWalign=64, Order=0-3, MinObjects=0, CPUs=2, Nodes=1
[    0.000000] Hierarchical RCU implementation.
[    0.000000] 	Build-time adjustment of leaf fanout to 64.
[    0.000000] 	RCU restricting CPUs from NR_CPUS=512 to nr_cpu_ids=2.
[    0.000000] RCU: Adjusting geometry for rcu_fanout_leaf=64, nr_cpu_ids=2
[    0.000000] NR_IRQS:33024 nr_irqs:440 16
[    0.000000] Console: colour VGA+ 80x25
[    0.000000] console [tty1] enabled
[    0.000000] console [ttyS0] enabled
[    0.000000] tsc: Detected 3599.994 MHz processor
[    0.112930] Calibrating delay loop (skipped) preset value.. 7199.98 BogoMIPS (lpj=14399976)
[    0.114280] pid_max: default: 32768 minimum: 301
[    0.115001] ACPI: Core revision 20150930
[    0.116362] ACPI: 2 ACPI AML tables successfully acquired and loaded
[    0.117371] Security Framework initialized
[    0.118008] Yama: becoming mindful.
[    0.118600] AppArmor: AppArmor initialized
[    0.119286] Dentry cache hash table entries: 131072 (order: 8, 1048576 bytes)
[    0.120365] Inode-cache hash table entries: 65536 (order: 7, 524288 bytes)
[    0.122626] Mount-cache hash table entries: 2048 (order: 2, 16384 bytes)
[    0.123569] Mountpoint-cache hash table entries: 2048 (order: 2, 16384 bytes)
[    0.124829] Initializing cgroup subsys io
[    0.125456] Initializing cgroup subsys memory
[    0.126266] Initializing cgroup subsys devices
[    0.126976] Initializing cgroup subsys freezer
[    0.127757] Initializing cgroup subsys net_cls
[    0.128494] Initializing cgroup subsys perf_event
[    0.129237] Initializing cgroup subsys net_prio
[    0.129968] Initializing cgroup subsys hugetlb
[    0.130655] Initializing cgroup subsys pids
[    0.136902] mce: CPU supports 0 MCE banks
[    0.137575] Last level iTLB entries: 4KB 1024, 2MB 1024, 4MB 512
[    0.138449] Last level dTLB entries: 4KB 1536, 2MB 1536, 4MB 768, 1GB 0
[    0.139382] Spectre V1 : Mitigation: usercopy/swapgs barriers and __user pointer sanitization
[    0.140663] Spectre V2 : Spectre mitigation: LFENCE not serializing, switching to generic retpoline
[    0.142667] Spectre V2 : Mitigation: Full generic retpoline
[    0.143436] Spectre V2 : Spectre v2 / SpectreRSB mitigation: Filling RSB on context switch
[    0.144662] Speculative Store Bypass: Mitigation: Speculative Store Bypass disabled via prctl and seccomp
[    0.149819] Freeing SMP alternatives memory: 36K
[    0.155534] ftrace: allocating 32334 entries in 127 pages
[    0.208584] smpboot: APIC(0) Converting physical 0 to logical package 0
[    0.209579] smpboot: Max logical packages: 1
[    0.210524] x2apic enabled
[    0.211195] Switched APIC routing to physical x2apic.
[    0.212996] ..TIMER: vector=0x30 apic1=0 pin1=2 apic2=-1 pin2=-1
[    0.321993] smpboot: CPU0: AMD Ryzen 5 2600X Six-Core Processor (family: 0x17, model: 0x8, stepping: 0x2)
[    0.323558] Performance Events: Broken PMU hardware detected, using software events only.
[    0.324942] Failed to access perfctr msr (MSR c0010007 is 0)
[    0.331472] KVM setup paravirtual spinlock
[    0.332685] x86: Booting SMP configuration:
[    0.333333] .... node  #0, CPUs:      #1
[    0.334106] kvm-clock: cpu 1, msr 0:3ffe3041, secondary cpu clock
[    0.340327] mce: CPU supports 0 MCE banks
[    0.342838] x86: Booted up 1 node, 2 CPUs
[    0.343636] smpboot: Total of 2 processors activated (14399.97 BogoMIPS)
[    0.344892] devtmpfs: initialized
[    0.347073] evm: security.selinux
[    0.347692] evm: security.SMACK64
[    0.348298] evm: security.SMACK64EXEC
[    0.348946] evm: security.SMACK64TRANSMUTE
[    0.349646] evm: security.SMACK64MMAP
[    0.350296] evm: security.ima
[    0.350863] evm: security.capability
[    0.352894] clocksource: jiffies: mask: 0xffffffff max_cycles: 0xffffffff, max_idle_ns: 7645041785100000 ns
[    0.354462] futex hash table entries: 512 (order: 3, 32768 bytes)
[    0.355546] pinctrl core: initialized pinctrl subsystem
[    0.356490] RTC time:  8:51:53, date: 07/27/20
[    0.357450] NET: Registered protocol family 16
[    0.363931] cpuidle: using governor ladder
[    0.373692] cpuidle: using governor menu
[    0.374449] PCCT header not found.
[    0.375394] ACPI: bus type PCI registered
[    0.376132] acpiphp: ACPI Hot Plug PCI Controller Driver version: 0.5
[    0.377327] PCI: Using configuration type 1 for base access
[    0.378321] PCI: Using configuration type 1 for extended access
[    0.387960] ACPI: Added _OSI(Module Device)
[    0.388663] ACPI: Added _OSI(Processor Device)
[    0.389353] ACPI: Added _OSI(3.0 _SCP Extensions)
[    0.390114] ACPI: Added _OSI(Processor Aggregator Device)
[    0.391349] ACPI: Executed 1 blocks of module-level executable AML code
[    0.393827] ACPI: Interpreter enabled
[    0.394676] ACPI: (supports S0 S5)
[    0.395253] ACPI: Using IOAPIC for interrupt routing
[    0.396134] PCI: Using host bridge windows from ACPI; if necessary, use "pci=nocrs" and report a bug
[    0.400099] ACPI: PCI Root Bridge [PCI0] (domain 0000 [bus 00-ff])
[    0.401020] acpi PNP0A03:00: _OSC: OS supports [ExtendedConfig ASPM ClockPM Segments MSI]
[    0.402693] acpi PNP0A03:00: _OSC: platform does not support [PCIeCapability]
[    0.403951] acpi PNP0A03:00: _OSC: not requesting control; platform does not support [PCIeCapability]
[    0.405333] acpi PNP0A03:00: _OSC: OS requested [PCIeHotplug PME AER PCIeCapability]
[    0.406530] acpi PNP0A03:00: _OSC: platform willing to grant [PCIeHotplug PME AER]
[    0.407836] acpi PNP0A03:00: _OSC failed (AE_SUPPORT); disabling ASPM
[    0.409324] PCI host bridge to bus 0000:00
[    0.409985] pci_bus 0000:00: root bus resource [io  0x0000-0x0cf7 window]
[    0.418320] pci_bus 0000:00: root bus resource [io  0x0d00-0xffff window]
[    0.419318] pci_bus 0000:00: root bus resource [mem 0x000a0000-0x000bffff window]
[    0.420514] pci_bus 0000:00: root bus resource [mem 0x40000000-0xfdffffff window]
[    0.421730] pci_bus 0000:00: root bus resource [bus 00-ff]
[    0.424078] pci 0000:00:01.1: legacy IDE quirk: reg 0x10: [io  0x01f0-0x01f7]
[    0.425243] pci 0000:00:01.1: legacy IDE quirk: reg 0x14: [io  0x03f6]
[    0.426203] pci 0000:00:01.1: legacy IDE quirk: reg 0x18: [io  0x0170-0x0177]
[    0.427206] pci 0000:00:01.1: legacy IDE quirk: reg 0x1c: [io  0x0376]
[    0.436162] pci 0000:00:07.0: quirk: [io  0x4000-0x403f] claimed by PIIX4 ACPI
[    0.437407] pci 0000:00:07.0: quirk: [io  0x4100-0x410f] claimed by PIIX4 SMB
[    0.441408] ACPI: PCI Interrupt Link [LNKA] (IRQs 5 9 10 *11)
[    0.442784] ACPI: PCI Interrupt Link [LNKB] (IRQs 5 9 *10 11)
[    0.444201] ACPI: PCI Interrupt Link [LNKC] (IRQs 5 *9 10 11)
[    0.445441] ACPI: PCI Interrupt Link [LNKD] (IRQs 5 9 10 *11)
[    0.446700] ACPI: Enabled 2 GPEs in block 00 to 07
[    0.447718] vgaarb: setting as boot device: PCI:0000:00:02.0
[    0.448559] vgaarb: device added: PCI:0000:00:02.0,decodes=io+mem,owns=io+mem,locks=none
[    0.449807] vgaarb: loaded
[    0.450291] vgaarb: bridge control possible 0000:00:02.0
[    0.451218] SCSI subsystem initialized
[    0.451913] ACPI: bus type USB registered
[    0.452588] usbcore: registered new interface driver usbfs
[    0.453386] usbcore: registered new interface driver hub
[    0.454174] usbcore: registered new device driver usb
[    0.455107] PCI: Using ACPI for IRQ routing
[    0.456015] NetLabel: Initializing
[    0.456605] NetLabel:  domain hash size = 128
[    0.457287] NetLabel:  protocols = UNLABELED CIPSOv4
[    0.458172] NetLabel:  unlabeled traffic allowed by default
[    0.459123] amd_nb: Cannot enumerate AMD northbridges
[    0.459988] clocksource: Switched to clocksource kvm-clock
[    0.467171] AppArmor: AppArmor Filesystem Enabled
[    0.467990] pnp: PnP ACPI init
[    0.469144] pnp: PnP ACPI: found 3 devices
[    0.477736] clocksource: acpi_pm: mask: 0xffffff max_cycles: 0xffffff, max_idle_ns: 2085701024 ns
[    0.479129] NET: Registered protocol family 2
[    0.480013] TCP established hash table entries: 8192 (order: 4, 65536 bytes)
[    0.480981] TCP bind hash table entries: 8192 (order: 5, 131072 bytes)
[    0.481921] TCP: Hash tables configured (established 8192 bind 8192)
[    0.483996] UDP hash table entries: 512 (order: 2, 16384 bytes)
[    0.484862] UDP-Lite hash table entries: 512 (order: 2, 16384 bytes)
[    0.485753] NET: Registered protocol family 1
[    0.486437] pci 0000:00:00.0: Limiting direct PCI/PCI transfers
[    0.487275] pci 0000:00:01.0: Activating ISA DMA hang workarounds
[    0.488247] Unpacking initramfs...
[    0.682973] Freeing initrd memory: 14880K
[    0.683865] clocksource: tsc: mask: 0xffffffffffffffff max_cycles: 0x33e44d1104f, max_idle_ns: 440795213615 ns
[    0.685415] platform rtc_cmos: registered platform RTC device (no PNP device found)
[    0.686657] Scanning for low memory corruption every 60 seconds
[    0.687926] audit: initializing netlink subsys (disabled)
[    0.688737] audit: type=2000 audit(1595839920.386:1): initialized
[    0.689785] Initialise system trusted keyring
[    0.690579] HugeTLB registered 2 MB page size, pre-allocated 0 pages
[    0.692485] zbud: loaded
[    0.693377] VFS: Disk quotas dquot_6.6.0
[    0.694109] VFS: Dquot-cache hash table entries: 512 (order 0, 4096 bytes)
[    0.695259] squashfs: version 4.0 (2009/01/31) Phillip Lougher
[    0.696304] fuse init (API version 7.23)
[    0.697065] Key type big_key registered
[    0.697724] Allocating IMA MOK and blacklist keyrings.
[    0.701063] Key type asymmetric registered
[    0.701733] Asymmetric key parser 'x509' registered
[    0.702491] Block layer SCSI generic (bsg) driver version 0.4 loaded (major 249)
[    0.703750] io scheduler noop registered
[    0.704420] io scheduler deadline registered (default)
[    0.705229] io scheduler cfq registered
[    0.705969] pci_hotplug: PCI Hot Plug PCI Core version: 0.5
[    0.706801] pciehp: PCI Express Hot Plug Controller Driver version: 0.4
[    0.707919] ACPI: AC Adapter [AC] (on-line)
[    0.708641] input: Power Button as /devices/LNXSYSTM:00/LNXPWRBN:00/input/input0
[    0.709795] ACPI: Power Button [PWRF]
[    0.710471] input: Sleep Button as /devices/LNXSYSTM:00/LNXSLPBN:00/input/input1
[    0.711641] ACPI: Sleep Button [SLPF]
[    0.712481] GHES: HEST is not enabled!
[    0.713230] Serial: 8250/16550 driver, 32 ports, IRQ sharing enabled
[    0.734645] 00:02: ttyS0 at I/O 0x3f8 (irq = 4, base_baud = 115200) is a 16550A
[    0.737684] Linux agpgart interface v0.103
[    0.739963] loop: module loaded
[    0.740930] scsi host0: ata_piix
[    0.741737] scsi host1: ata_piix
[    0.742365] ata1: PATA max UDMA/33 cmd 0x1f0 ctl 0x3f6 bmdma 0xd000 irq 14
[    0.743466] ata2: PATA max UDMA/33 cmd 0x170 ctl 0x376 bmdma 0xd008 irq 15
[    0.745069] libphy: Fixed MDIO Bus: probed
[    0.745705] tun: Universal TUN/TAP device driver, 1.6
[    0.746454] tun: (C) 1999-2004 Max Krasnyansky <maxk@qualcomm.com>
[    0.747421] PPP generic driver version 2.4.2
[    0.748214] ehci_hcd: USB 2.0 'Enhanced' Host Controller (EHCI) Driver
[    0.749148] ehci-pci: EHCI PCI platform driver
[    0.749850] ehci-platform: EHCI generic platform driver
[    0.750611] ohci_hcd: USB 1.1 'Open' Host Controller (OHCI) Driver
[    0.751499] ohci-pci: OHCI PCI platform driver
[    0.752176] ohci-platform: OHCI generic platform driver
[    0.752927] uhci_hcd: USB Universal Host Controller Interface driver
[    0.753854] i8042: PNP: PS/2 Controller [PNP0303:PS2K,PNP0f03:PS2M] at 0x60,0x64 irq 1,12
[    0.755465] serio: i8042 KBD port at 0x60,0x64 irq 1
[    0.756184] serio: i8042 AUX port at 0x60,0x64 irq 12
[    0.757098] mousedev: PS/2 mouse device common for all mice
[    0.758438] input: AT Translated Set 2 keyboard as /devices/platform/i8042/serio0/input/input2
[    0.760289] rtc_cmos rtc_cmos: rtc core: registered rtc_cmos as rtc0
[    0.761340] rtc_cmos rtc_cmos: alarms up to one day, 114 bytes nvram
[    0.762238] i2c /dev entries driver
[    0.762903] device-mapper: uevent: version 1.0.3
[    0.763750] device-mapper: ioctl: 4.34.0-ioctl (2015-10-28) initialised: dm-devel@redhat.com
[    0.765011] ledtrig-cpu: registered to indicate activity on CPUs
[    0.766263] NET: Registered protocol family 10
[    0.767132] NET: Registered protocol family 17
[    0.767873] Key type dns_resolver registered
[    0.768825] registered taskstats version 1
[    0.769497] Loading compiled-in X.509 certificates
[    0.770640] Loaded X.509 cert 'Build time autogenerated kernel key: cef5e81496c0efa51b848ab539e845ddf31c08be'
[    0.772117] zswap: loaded using pool lzo/zbud
[    0.774148] Key type trusted registered
[    0.777388] Key type encrypted registered
[    0.778186] AppArmor: AppArmor sha1 policy hashing enabled
[    0.779194] ima: No TPM chip found, activating TPM-bypass!
[    0.780222] ima: Allocated hash algorithm: sha1
[    0.780997] evm: HMAC attrs: 0x1
[    0.781840]   Magic number: 12:222:878
[    0.782602] rtc_cmos rtc_cmos: setting system clock to 2020-07-27 08:51:54 UTC (1595839914)
[    0.784100] BIOS EDD facility v0.16 2004-Jun-25, 0 devices found
[    0.784899] EDD information not available.
[    0.924082] Freeing unused kernel memory: 1492K
[    0.925376] Write protecting the kernel read-only data: 14336k
[    0.927219] Freeing unused kernel memory: 1592K
[    0.928237] Freeing unused kernel memory: 56K
Loading, please wait...
starting version 229
[    0.938504] random: systemd-udevd: uninitialized urandom read (16 bytes read, 3 bits of entropy available)
[    0.938588] random: udevadm: uninitialized urandom read (16 bytes read, 3 bits of entropy available)
[    0.938603] random: udevadm: uninitialized urandom read (16 bytes read, 3 bits of entropy available)
[    0.943615] random: systemd-udevd: uninitialized urandom read (16 bytes read, 3 bits of entropy available)
[    0.944842] random: udevadm: uninitialized urandom read (16 bytes read, 3 bits of entropy available)
[    0.944881] random: udevadm: uninitialized urandom read (16 bytes read, 3 bits of entropy available)
[    0.944994] random: udevadm: uninitialized urandom read (16 bytes read, 3 bits of entropy available)
[    0.945056] random: udevadm: uninitialized urandom read (16 bytes read, 3 bits of entropy available)
[    0.945103] random: udevadm: uninitialized urandom read (16 bytes read, 3 bits of entropy available)
[    0.945139] random: udevadm: uninitialized urandom read (16 bytes read, 3 bits of entropy available)
[    0.979904] e1000: Intel(R) PRO/1000 Network Driver - version 7.3.21-k8-NAPI
[    0.979914] Fusion MPT base driver 3.04.20
[    0.979914] Copyright (c) 1999-2008 LSI Corporation
[    0.982368] e1000: Copyright (c) 1999-2006 Intel Corporation.
[    0.986845] Fusion MPT SPI Host driver 3.04.20
[    1.000966] AVX2 version of gcm_enc/dec engaged.
[    1.001760] AES CTR mode by8 optimization enabled
[    1.208196] input: ImExPS/2 Generic Explorer Mouse as /devices/platform/i8042/serio1/input/input4
[    1.479950] e1000 0000:00:03.0 eth0: (PCI:33MHz:32-bit) 02:e5:f9:b1:f5:c2
[    1.481044] e1000 0000:00:03.0 eth0: Intel(R) PRO/1000 Network Connection
[    1.482706] mptbase: ioc0: Initiating bringup
[    1.483603] e1000 0000:00:03.0 enp0s3: renamed from eth0
[    1.552838] ioc0: LSI53C1030 A0: Capabilities={Initiator}
[    1.717669] scsi host2: ioc0: LSI53C1030 A0, FwRev=00000000h, Ports=1, MaxQ=256, IRQ=20
[    1.829691] scsi 2:0:0:0: Direct-Access     VBOX     HARDDISK         1.0  PQ: 0 ANSI: 5
[    1.832183] scsi target2:0:0: Beginning Domain Validation
[    1.845412] scsi target2:0:0: Domain Validation skipping write tests
[    1.846318] scsi target2:0:0: Ending Domain Validation
[    1.847084] scsi target2:0:0: asynchronous
[    1.848253] scsi 2:0:1:0: Direct-Access     VBOX     HARDDISK         1.0  PQ: 0 ANSI: 5
[    1.849695] scsi target2:0:1: Beginning Domain Validation
[    1.851129] scsi target2:0:1: Domain Validation skipping write tests
[    1.852046] scsi target2:0:1: Ending Domain Validation
[    1.852842] scsi target2:0:1: asynchronous
[    1.858382] sd 2:0:0:0: Attached scsi generic sg0 type 0
[    1.858657] sd 2:0:0:0: [sda] 20971520 512-byte logical blocks: (10.7 GB/10.0 GiB)
[    1.858735] sd 2:0:0:0: [sda] Write Protect is off
[    1.858788] sd 2:0:0:0: [sda] Incomplete mode parameter data
[    1.858789] sd 2:0:0:0: [sda] Assuming drive cache: write through
[    1.860772]  sda: sda1
[    1.861302] sd 2:0:0:0: [sda] Attached SCSI disk
[    1.866019] sd 2:0:1:0: Attached scsi generic sg1 type 0
[    1.866149] sd 2:0:1:0: [sdb] 20480 512-byte logical blocks: (10.5 MB/10.0 MiB)
[    1.866224] sd 2:0:1:0: [sdb] Write Protect is off
[    1.866273] sd 2:0:1:0: [sdb] Incomplete mode parameter data
[    1.866274] sd 2:0:1:0: [sdb] Assuming drive cache: write through
[    1.868360] sd 2:0:1:0: [sdb] Attached SCSI disk
Begin: Loading essential drivers ... [    3.144413] md: linear personality registered for level -1
[    3.147038] md: multipath personality registered for level -4
[    3.149595] md: raid0 personality registered for level 0
[    3.152582] md: raid1 personality registered for level 1
[    3.220202] raid6: sse2x1   gen()  8432 MB/s
[    3.288564] raid6: sse2x1   xor()  7963 MB/s
[    3.356050] raid6: sse2x2   gen() 16989 MB/s
[    3.425285] raid6: sse2x2   xor() 11112 MB/s
[    3.492661] raid6: sse2x4   gen() 17293 MB/s
[    3.560109] raid6: sse2x4   xor()  8194 MB/s
[    3.628401] raid6: avx2x1   gen() 17775 MB/s
[    3.696000] raid6: avx2x2   gen() 25068 MB/s
[    3.764134] raid6: avx2x4   gen() 24157 MB/s
[    3.764838] raid6: using algorithm avx2x2 gen() 25068 MB/s
[    3.765641] raid6: using avx2x2 recovery algorithm
[    3.767235] xor: automatically using best checksumming function:
[    3.804171]    avx       : 15485.000 MB/sec
[    3.805742] async_tx: api initialized (async)
[    3.812994] md: raid6 personality registered for level 6
[    3.813863] md: raid5 personality registered for level 5
[    3.814689] md: raid4 personality registered for level 4
[    3.819404] md: raid10 personality registered for level 10
done.
Begin: Running /scripts/init-premount ... done.
Begin: Mounting root file system ... Begin: Running /scripts/local-top ... done.
Begin: Running /scripts/local-premount ... [    3.841848] Btrfs loaded
Scanning for Btrfs filesystems
done.
Warning: fsck not present, so skipping root file system
[    3.864641] EXT4-fs (sda1): INFO: recovery required on readonly filesystem
[    3.865673] EXT4-fs (sda1): write access will be enabled during recovery
[    3.952402] EXT4-fs (sda1): recovery complete
[    3.953255] EXT4-fs (sda1): mounted filesystem with ordered data mode. Opts: (null)
done.
Begin: Running /scripts/local-bottom ... done.
Begin: Running /scripts/init-bottom ... done.
[    4.202972] systemd[1]: systemd 229 running in system mode. (+PAM +AUDIT +SELINUX +IMA +APPARMOR +SMACK +SYSVINIT +UTMP +LIBCRYPTSETUP +GCRYPT +GNUTLS +ACL +XZ -LZ4 +SECCOMP +BLKID +ELFUTILS +KMOD -IDN)
[    4.205409] systemd[1]: Detected virtualization oracle.
[    4.206253] systemd[1]: Detected architecture x86-64.

Welcome to [1mUbuntu 16.04.6 LTS[0m!

[    4.240795] systemd[1]: Set hostname to <ubuntu-xenial>.
[    4.492730] systemd[1]: Listening on LVM2 metadata daemon socket.
[[0;32m  OK  [0m] Listening on LVM2 metadata daemon socket.
[    4.494585] systemd[1]: Reached target User and Group Name Lookups.
[[0;32m  OK  [0m] Reached target User and Group Name Lookups.
[    4.496164] systemd[1]: Listening on udev Control Socket.
[[0;32m  OK  [0m] Listening on udev Control Socket.
[    4.497825] systemd[1]: Started Trigger resolvconf update for networkd DNS.
[[0;32m  OK  [0m] Started Trigger resolvconf update for networkd DNS.
[    4.499721] systemd[1]: Reached target System Time Synchronized.
[[0;32m  OK  [0m] Reached target System Time Synchronized.
[    4.508329] systemd[1]: Listening on Journal Socket.
[[0;32m  OK  [0m] Listening on Journal Socket.
[    4.509744] systemd[1]: Listening on Journal Socket (/dev/log).
[[0;32m  OK  [0m] Listening on Journal Socket (/dev/log).
[    4.511692] systemd[1]: Listening on Syslog Socket.
[[0;32m  OK  [0m] Listening on Syslog Socket.
[    4.513541] systemd[1]: Set up automount Arbitrary Executable File Formats File System Automount Point.
[[0;32m  OK  [0m] Set up automount Arbitrary Executab...ats File System Automount Point.
[    4.516089] systemd[1]: Listening on udev Kernel Socket.
[[0;32m  OK  [0m] Listening on udev Kernel Socket.
[    4.517594] systemd[1]: Listening on /dev/initctl Compatibility Named Pipe.
[[0;32m  OK  [0m] Listening on /dev/initctl Compatibility Named Pipe.
[    4.519387] systemd[1]: Listening on Device-mapper event daemon FIFOs.
[[0;32m  OK  [0m] Listening on Device-mapper event daemon FIFOs.
[    4.521323] systemd[1]: Created slice System Slice.
[[0;32m  OK  [0m] Created slice System Slice.
[    4.522888] systemd[1]: Created slice system-serial\x2dgetty.slice.
[[0;32m  OK  [0m] Created slice system-serial\x2dgetty.slice.
[    4.536573] systemd[1]: Starting Remount Root and Kernel File Systems...
         Starting Remount Root and Kernel File Systems...
[    4.538866] systemd[1]: Mounting POSIX Message Queue File System...
         Mounting POSIX Message Queue File System...
[    4.541593] systemd[1]: Starting Nameserver information manager...
         Starting Nameserver information manager...
[    4.543672] systemd[1]: Mounting Debug File System...
         Mounting Debug File System...
[    4.545916] systemd[1]: Starting Set console keymap...
         Starting Set console keymap...
[    4.554715] random: nonblocking pool is initialized
[    4.558812] systemd[1]: Mounting Huge Pages File System...
         Mounting Huge Pages File System...
[    4.560819] systemd[1]: Starting Monitoring of LVM2 mirrors, snapshots etc. using dmeventd or progress polling...
         Starting Monitoring of LVM2 mirrors... dmeventd or progress polling...
[    4.563261] systemd[1]: Reached target Encrypted Volumes.
[[0;32m  OK  [0m] Reached target Encrypted Volumes.
[    4.565280] systemd[1]: Starting Uncomplicated firewall...
         Starting Uncomplicated firewall...
[    4.567487] systemd[1]: Starting Create list of required static device nodes for the current kernel...
         Starting Create list of required st... nodes for the current kernel...
[    4.571545] systemd[1]: Created slice User and Session Slice.
[[0;32m  OK  [0m] Created slice User and Session Slice.
[    4.573071] systemd[1]: Reached target Slices.
[[0;32m  OK  [0m] Reached target Slices.
[    4.574663] systemd[1]: Listening on LVM2 poll daemon socket.
[[0;32m  OK  [0m] Listening on LVM2 poll daemon socket.
[    4.585002] systemd[1]: Starting Load Kernel Modules...
         Starting Load Kernel Modules...
[    4.586434] systemd[1]: Started Forward Password Requests to Wall Directory Watch.
[[0;32m  OK  [0m] Started Forward Password Requests to Wall Directory Watch.
[    4.588491] systemd[1]: Reached target Swap.
[[0;32m  OK  [0m] Reached target Swap.
[    4.589870] systemd[1]: Listening on Journal Audit Socket.
[[0;32m  OK  [0m] Listening on Journal Audit Socket.
[    4.592343] systemd[1]: Starting Journal Service...
         Starting Journal Service...
[    4.594837] systemd[1]: Started Uncomplicated firewall.
[[0;32m  OK  [0m] Started Uncomplicated firewall.
[    4.596848] systemd[1]: Started Create list of required static device nodes for the current kernel.
[[0;32m  OK  [0m] Started Create list of required sta...ce nodes for the current kernel.
[    4.600123] EXT4-fs (sda1): re-mounted. Opts: (null)
[    4.605178] systemd[1]: Started Remount Root and Kernel File Systems.
[[0;32m  OK  [0m] Started Remount Root and Kernel File Systems.
[    4.606778] systemd[1]: Mounted POSIX Message Queue File System.
[[0;32m  OK  [0m] Mounted POSIX Message Queue File System.
[    4.609086] systemd[1]: Mounted Debug File System.
[[0;32m  OK  [0m] Mounted Debug File System.
[    4.616671] systemd[1]: Mounted Huge Pages File System.
[[0;32m  OK  [0m] Mounted Huge Pages File System.
[    4.619344] systemd[1]: Started Nameserver information manager.
[[0;32m  OK  [0m] Started Nameserver information manager.
[    4.625775] systemd[1]: Starting udev Coldplug all Devices...
         Starting udev Coldplug all Devices...
[    4.627886] systemd[1]: Starting Load/Save Random Seed...
         Starting Load/Save Random Seed...
[    4.629829] systemd[1]: Starting Create Static Device Nodes in /dev...
         Starting Create Static Device Nodes in /dev...
[    4.665299] systemd[1]: Started Load/Save Random Seed.
[[0;32m  OK  [0m] Started Load/Save Random Seed.
[    4.699364] systemd[1]: Started Journal Service.
[[0;32m  OK  [0m] Started Journal Service.
         Starting Flush Journal to Persistent Storage...
[    4.703579] Loading iSCSI transport class v2.0-870.
[[0;32m  OK  [0m] Started udev Coldplug all Devices.
[[0;32m  OK  [0m] Started Set console keymap.
[    4.987765] iscsi: registered transport (tcp)
[[0;32m  OK  [0m] Started LVM2 metadata daemon.
[    4.999181] systemd-journald[409]: Received request to flush runtime journal from PID 1
[[0;32m  OK  [0m] Started Flush Journal to Persistent Storage.
[[0;32m  OK  [0m] Started Create Static Device Nodes in /dev.
[    5.033707] iscsi: registered transport (iser)
         Starting udev Kernel Device Manager...
[[0;32m  OK  [0m] Started Load Kernel Modules.
         Starting Apply Kernel Variables...
         Mounting FUSE Control File System...
[[0;32m  OK  [0m] Mounted FUSE Control File System.
[[0;32m  OK  [0m] Started Apply Kernel Variables.
[[0;32m  OK  [0m] Started udev Kernel Device Manager.
[[0;32m  OK  [0m] Started Dispatch Password Requests to Console Directory Watch.
[[0;32m  OK  [0m] Found device /dev/ttyS0.
[[0;32m  OK  [0m] Listening on Load/Save RF Kill Switch Status /dev/rfkill Watch.
[[0;32m  OK  [0m] Found device 82540EM Gigabit Ethern...r (PRO/1000 MT Desktop Adapter).
[[0;32m  OK  [0m] Started Monitoring of LVM2 mirrors,...ng dmeventd or progress polling.
[[0;32m  OK  [0m] Reached target Local File Systems (Pre).
[[0;32m  OK  [0m] Reached target Local File Systems.
         Starting LSB: AppArmor initialization...
         Starting Set console font and keymap...
         Starting Initial cloud-init job (pre-networking)...
         Starting Tell Plymouth To Write Out Runtime Data...
         Starting Create Volatile Files and Directories...
[[0;32m  OK  [0m] Started Tell Plymouth To Write Out Runtime Data.
[[0;32m  OK  [0m] Started Create Volatile Files and Directories.
         Starting Update UTMP about System Boot/Shutdown...
[[0;32m  OK  [0m] Started Update UTMP about System Boot/Shutdown.
[[0;32m  OK  [0m] Started LSB: AppArmor initialization.
         Starting Load AppArmor profiles managed internally by snapd...
[[0;32m  OK  [0m] Started Load AppArmor profiles managed internally by snapd.
[[0;32m  OK  [0m] Started Set console font and keymap.
[[0;32m  OK  [0m] Created slice system-getty.slice.
[    6.802564] cloud-init[657]: Cloud-init v. 20.2-45-g5f7825e2-0ubuntu1~16.04.1 running 'init-local' at Mon, 27 Jul 2020 08:52:00 +0000. Up 6.57 seconds.
[[0;32m  OK  [0m] Started Initial cloud-init job (pre-networking).
[[0;32m  OK  [0m] Reached target Network (Pre).
         Starting Raise network interfaces...
[[0;32m  OK  [0m] Started ifup for enp0s3.
[[0;32m  OK  [0m] Started Raise network interfaces.
         Starting Initial cloud-init job (metadata service crawler)...
[[0;32m  OK  [0m] Reached target Network.
[    7.492343] cloud-init[1006]: Cloud-init v. 20.2-45-g5f7825e2-0ubuntu1~16.04.1 running 'init' at Mon, 27 Jul 2020 08:52:01 +0000. Up 7.22 seconds.
[    7.493794] cloud-init[1006]: ci-info: ++++++++++++++++++++++++++++++++++++++Net device info++++++++++++++++++++++++++++++++++++++
[    7.495036] cloud-init[1006]: ci-info: +--------+------+----------------------------+---------------+--------+-------------------+
[    7.496241] cloud-init[1006]: ci-info: | Device |  Up  |          Address           |      Mask     | Scope  |     Hw-Address    |
[    7.498628] cloud-init[1006]: ci-info: +--------+------+----------------------------+---------------+--------+-------------------+
[    7.499905] cloud-init[1006]: ci-info: | enp0s3 | True |         10.0.2.15          | 255.255.255.0 | global | 02:e5:f9:b1:f5:c2 |
[    7.501094] cloud-init[1006]: ci-info: | enp0s3 | True | fe80::e5:f9ff:feb1:f5c2/64 |       .       |  link  | 02:e5:f9:b1:f5:c2 |
[    7.502249] cloud-init[1006]: ci-info: |   lo   | True |         127.0.0.1          |   255.0.0.0   |  host  |         .         |
[    7.503416] cloud-init[1006]: ci-info: |   lo   | True |          ::1/128           |       .       |  host  |         .         |
[    7.504496] cloud-init[1006]: ci-info: +--------+------+----------------------------+---------------+--------+-------------------+
[    7.505640] cloud-init[1006]: ci-info: +++++++++++++++++++++++++++Route IPv4 info++++++++++++++++++++++++++++
[    7.513220] cloud-init[1006]: ci-info: +-------+-------------+----------+---------------+-----------+-------+
[    7.514278] cloud-init[1006]: ci-info: | Route | Destination | Gateway  |    Genmask    | Interface | Flags |
[    7.515525] cloud-init[1006]: ci-info: +-------+-------------+----------+---------------+-----------+-------+
[    7.521018] cloud-init[1006]: ci-info: |   0   |   0.0.0.0   | 10.0.2.2 |    0.0.0.0    |   enp0s3  |   UG  |
[    7.528877] cloud-init[1006]: ci-info: |   1   |   10.0.2.0  | 0.0.0.0  | 255.255.255.0 |   enp0s3  |   U   |
[    7.530161] cloud-init[1006]: ci-info: +-------+-------------+----------+---------------+-----------+-------+
[[0;32m  OK  [0m] Started Initial cloud-init job (metadata service crawler).
[[0;32m  OK  [0m] Reached target Cloud-config availability.
[[0;32m  OK  [0m] Reached target System Initialization.
         Starting LXD - unix socket.
         Starting Socket activation for snappy daemon.
[[0;32m  OK  [0m] Started Message of the Day.
[[0;32m  OK  [0m] Listening on D-Bus System Message Bus Socket.
[[0;32m  OK  [0m] Listening on ACPID Listen Socket.
[    7.540567] cloud-init[1006]: ci-info: +++++++++++++++++++Route IPv6 info+++++++++++++++++++
[    7.545636] [[0;32m  OK  [0m] Started ACPI Events Check.
[[0;32m  OK  [0m] Reached target Paths.
[[0;32m  OK  [0m] Listening on UUID daemon activation socket.
[[0;32m  OK  [0m] Started Daily apt download activities.
[[0;32m  OK  [0m] Started Daily apt upgrade and clean activities.
[[0;32m  OK  [0m] Started Daily Cleanup of Temporary Directories.
[[0;32m  OK  [0m] Reached target Timers.
[[0;32m  OK  [0m] Reached target Network is Online.
cloud-init[1006]: ci-info: +-------+-------------+---------+-----------+-------+
[    7.549671] cloud-init[1006]: ci-info: | Route | Destination | Gateway | Interface | Flags |
[    7.550559] cloud-init[1006]: ci-info: +-------+-------------+---------+-----------+-------+
[    7.551403] cloud-init[1006]: ci-info: |   0   |  fe80::/64  |    ::   |   enp0s3  |   U   |
[    7.552328] cloud-init[1006]: ci-info: |   3   |   ff00::/8  |    ::   |   enp0s3  |   U   |
[    7.553315] cloud-init[1006]: ci-info: +-------+-------------+---------+-----------+-------+
         Starting iSCSI initiator daemon (iscsid)...
[[0;32m  OK  [0m] Listening on LXD - unix socket.
[[0;32m  OK  [0m] Listening on Socket activation for snappy daemon.
[[0;32m  OK  [0m] Reached target Sockets.
[[0;32m  OK  [0m] Reached target Basic System.
         Starting Accounts Service...
         Starting LSB: MD monitoring daemon...
[[0;32m  OK  [0m] Started FUSE filesystem for LXC.
         Starting Message of the Day...
[[0;32m  OK  [0m] Started Deferred execution scheduler.
[[0;32m  OK  [0m] Started D-Bus System Message Bus.
         Starting LSB: Record successful boot for GRUB...
[[0;32m  OK  [0m] Started Regular background program processing daemon.
         Starting Login Service...
         Starting /etc/rc.local Compatibility...
         Starting OpenBSD Secure Shell server...
         Starting Snap Daemon...
         Starting System Logging Service...
[[0;32m  OK  [0m] Started ACPI event daemon.
         Starting Virtualbox guest utils...
         Starting LXD - container startup/shutdown...
[[0;32m  OK  [0m] Started /etc/rc.local Compatibility.
         Starting Authenticate and Authorize Users to Run Privileged Tasks...
[[0;32m  OK  [0m] Started iSCSI initiator daemon (iscsid).
         Starting Login to default iSCSI targets...
[[0;32m  OK  [0m] Started Login Service.
[[0;32m  OK  [0m] Started Unattended Upgrades Shutdown.
[[0;32m  OK  [0m] Started Login to default iSCSI targets.
[[0;32m  OK  [0m] Reached target Remote File Systems (Pre).
[[0;32m  OK  [0m] Reached target Remote File Systems.
         Starting LSB: automatic crash report generation...
         Starting LSB: daemon to balance interrupts for SMP systems...
         Starting Permit User Sessions...
         Starting LSB: Set the CPU Frequency Scaling governor to "ondemand"...
[[0;32m  OK  [0m] Started LSB: Set the CPU Frequency Scaling governor to "ondemand".
[[0;32m  OK  [0m] Started Permit User Sessions.
         Starting Terminate Plymouth Boot Screen...
         Starting Hold until boot process finishes up...
[[0;32m  OK  [0m] Started LSB: Record successful boot for GRUB.
[[0;32m  OK  [0m] Started Hold until boot process finishes up.
[[0;32m  OK  [0m] Started Serial Getty on ttyS0.
[[0;32m  OK  [0m] Started Getty on tty1.
[[0;32m  OK  [0m] Reached target Login Prompts.
         Starting Set console scheme...
[[0;32m  OK  [0m] Started Terminate Plymouth Boot Screen.
[[0;32m  OK  [0m] Started Virtualbox guest utils.
[[0;32m  OK  [0m] Started LSB: MD monitoring daemon.
[[0;32m  OK  [0m] Started Set console scheme.
[[0;32m  OK  [0m] Started Authenticate and Authorize Users to Run Privileged Tasks.
[[0;32m  OK  [0m] Started System Logging Service.
[[0;32m  OK  [0m] Started LSB: automatic crash report generation.
[[0;32m  OK  [0m] Started LSB: daemon to balance interrupts for SMP systems.
[[0;32m  OK  [0m] Started Accounts Service.
[[0;32m  OK  [0m] Started OpenBSD Secure Shell server.
[[0;32m  OK  [0m] Started LXD - container startup/shutdown.
[[0;32m  OK  [0m] Started Snap Daemon.
         Starting Wait until snapd is fully seeded...
[[0;32m  OK  [0m] Started Wait until snapd is fully seeded.
[[0;32m  OK  [0m] Reached target Multi-User System.
[[0;32m  OK  [0m] Reached target Graphical Interface.
         Starting Update UTMP about System Runlevel Changes...
         Starting Apply the settings specified in cloud-config...
[[0;32m  OK  [0m] Started Update UTMP about System Runlevel Changes.
[[0;32m  OK  [0m] Started Message of the Day.
[    9.505221] cloud-init[1276]: Cloud-init v. 20.2-45-g5f7825e2-0ubuntu1~16.04.1 running 'modules:config' at Mon, 27 Jul 2020 08:52:03 +0000. Up 9.40 seconds.
[[0;32m  OK  [0m] Started Apply the settings specified in cloud-config.
         Starting Execute cloud user/final scripts...
[    9.906882] cloud-init[1299]: Cloud-init v. 20.2-45-g5f7825e2-0ubuntu1~16.04.1 running 'modules:final' at Mon, 27 Jul 2020 08:52:03 +0000. Up 9.80 seconds.
[    9.908208] cloud-init[1299]: Cloud-init v. 20.2-45-g5f7825e2-0ubuntu1~16.04.1 finished at Mon, 27 Jul 2020 08:52:03 +0000. Datasource DataSourceNoCloud [seed=/dev/sdb][dsmode=net].  Up 9.90 seconds
[[0;32m  OK  [0m] Started Execute cloud user/final scripts.
[[0;32m  OK  [0m] Reached target Cloud-init target.
         Starting Daily apt download activities...

Ubuntu 16.04.6 LTS ubuntu-xenial ttyS0

ubuntu-xenial login: 